<?xml version="1.0" encoding="UTF-8"?>
<!-- Generated by org.testng.reporters.JUnitReportReporter -->
<testsuite skipped="0" hostname="Naveen" name="Scripts.ReportsScript" tests="1" failures="0" timestamp="27 Nov 2018 18:26:08 GMT" time="52.188" errors="0">
  <testcase name="script" time="52.188" classname="Scripts.ReportsScript"/>
</testsuite> <!-- Scripts.ReportsScript -->
