<?xml version="1.0" encoding="UTF-8"?>
<!-- Generated by org.testng.reporters.JUnitReportReporter -->
<testsuite skipped="0" hostname="Naveen" name="Scripts.Click_Users" tests="1" failures="0" timestamp="27 Nov 2018 18:29:42 GMT" time="39.266" errors="0">
  <testcase name="Login" time="39.266" classname="Scripts.Click_Users"/>
</testsuite> <!-- Scripts.Click_Users -->
