<?xml version="1.0" encoding="UTF-8"?>
<!-- Generated by org.testng.reporters.JUnitReportReporter -->
<testsuite skipped="0" hostname="Naveen" name="Scripts.AddUsers" tests="1" failures="0" timestamp="27 Nov 2018 18:29:42 GMT" time="74.495" errors="0">
  <testcase name="Login" time="74.495" classname="Scripts.AddUsers"/>
</testsuite> <!-- Scripts.AddUsers -->
