<?xml version="1.0" encoding="UTF-8"?>
<!-- Generated by org.testng.reporters.JUnitReportReporter -->
<testsuite skipped="0" hostname="Naveen" name="Scripts.TestCase1" tests="1" failures="0" timestamp="22 Nov 2018 10:56:53 GMT" time="328.526" errors="0">
  <testcase name="loginScript" time="328.526" classname="Scripts.TestCase1"/>
</testsuite> <!-- Scripts.TestCase1 -->
