<?xml version="1.0" encoding="UTF-8"?>
<!-- Generated by org.testng.reporters.JUnitReportReporter -->
<testsuite skipped="0" hostname="Naveen" name="Scripts.LoginScript" tests="1" failures="0" timestamp="27 Nov 2018 18:23:44 GMT" time="100.345" errors="0">
  <testcase name="Login" time="100.345" classname="Scripts.LoginScript"/>
</testsuite> <!-- Scripts.LoginScript -->
